2025-07-16 15:01:37,618 - INFO - 🎮 Servidor Damas Online iniciado em 0.0.0.0:12345
2025-07-16 15:01:37,683 - INFO - 📍 IPs disponíveis para conexão:
2025-07-16 15:01:37,695 - INFO -    1. 172.30.176.1:12345
2025-07-16 15:01:37,703 - INFO -    2. 192.168.1.6:12345
2025-07-16 15:01:37,707 - INFO - ✅ IP recomendado: 172.30.176.1:12345
2025-07-16 15:01:37,713 - INFO - 💡 Configure firewall para permitir porta 12345
2025-07-16 15:01:37,717 - INFO - 🔧 Use config_rede.py para diagnósticos de rede
2025-07-16 15:01:37,717 - INFO - ⏳ Aguardando conexões...
2025-07-16 15:02:20,839 - INFO - 🔗 Nova conexão de ('127.0.0.1', 52735)
2025-07-16 15:02:20,846 - INFO - 👤 Jogador 1 ((0, 255, 0)) conectado
2025-07-16 15:03:00,309 - INFO - 🔗 Nova conexão de ('127.0.0.1', 52747)
2025-07-16 15:03:00,319 - INFO - 👤 Jogador 2 ((255, 255, 0)) conectado
2025-07-16 15:03:00,569 - INFO - 🎯 Novo jogo iniciado
2025-07-16 15:03:05,557 - INFO - Movimento executado: Jogador 1 de (1, 5) para (0, 4)
2025-07-16 15:06:16,427 - INFO - ❌ Jogador 1 desconectado
2025-07-16 15:06:16,486 - ERROR - Erro ao enviar mensagem: [WinError 10053] Uma conexão estabelecida foi anulada pelo software no computador host
2025-07-16 15:06:16,651 - INFO - ❌ Jogador 2 desconectado
2025-07-16 15:06:42,897 - INFO - 🎮 Servidor Damas Online iniciado em 0.0.0.0:12345
2025-07-16 15:06:42,939 - INFO - 📍 IPs disponíveis para conexão:
2025-07-16 15:06:42,942 - INFO -    1. 172.30.176.1:12345
2025-07-16 15:06:42,942 - INFO -    2. 192.168.1.6:12345
2025-07-16 15:06:42,942 - INFO - ✅ IP recomendado: 172.30.176.1:12345
2025-07-16 15:06:42,942 - INFO - 💡 Configure firewall para permitir porta 12345
2025-07-16 15:06:42,944 - INFO - 🔧 Use config_rede.py para diagnósticos de rede
2025-07-16 15:06:42,944 - INFO - ⏳ Aguardando conexões...
2025-07-16 15:07:03,553 - INFO - 🔗 Nova conexão de ('127.0.0.1', 52768)
2025-07-16 15:07:03,558 - INFO - 👤 Jogador 1 ((0, 255, 0)) conectado
2025-07-16 15:07:06,910 - INFO - 🔗 Nova conexão de ('127.0.0.1', 52769)
2025-07-16 15:07:06,913 - INFO - 👤 Jogador 2 ((255, 255, 0)) conectado
2025-07-16 15:07:07,148 - INFO - 🎯 Novo jogo iniciado
2025-07-16 15:07:21,000 - INFO - Movimento executado: Jogador 1 de (3, 5) para (2, 4)
2025-07-16 15:09:10,526 - INFO - ❌ Jogador 2 desconectado
2025-07-16 15:09:12,609 - INFO - ❌ Jogador 1 desconectado
2025-07-16 15:10:16,207 - INFO - 🎮 Servidor Damas Online iniciado em 0.0.0.0:12345
2025-07-16 15:10:16,224 - INFO - 📍 IPs disponíveis para conexão:
2025-07-16 15:10:16,224 - INFO -    1. 172.30.176.1:12345
2025-07-16 15:10:16,225 - INFO -    2. 192.168.1.2:12345
2025-07-16 15:10:16,225 - INFO - ✅ IP recomendado: 172.30.176.1:12345
2025-07-16 15:10:16,225 - INFO - 💡 Configure firewall para permitir porta 12345
2025-07-16 15:10:16,226 - INFO - 🔧 Use config_rede.py para diagnósticos de rede
2025-07-16 15:10:16,226 - INFO - ⏳ Aguardando conexões...
2025-07-16 15:10:26,628 - INFO - 🔗 Nova conexão de ('127.0.0.1', 53214)
2025-07-16 15:10:26,629 - INFO - 👤 Jogador 1 ((0, 255, 0)) conectado
2025-07-16 15:10:42,986 - INFO - ❌ Jogador 1 desconectado
2025-07-16 15:21:44,804 - INFO - 🎮 Servidor Damas Online iniciado em 0.0.0.0:12345
2025-07-16 15:21:44,823 - INFO - 📍 IPs disponíveis para conexão:
2025-07-16 15:21:44,829 - INFO -    1. 172.30.176.1:12345
2025-07-16 15:21:44,830 - INFO -    2. 192.168.1.2:12345
2025-07-16 15:21:44,831 - INFO - ✅ IP recomendado: 172.30.176.1:12345
2025-07-16 15:21:44,833 - INFO - 💡 Configure firewall para permitir porta 12345
2025-07-16 15:21:44,833 - INFO - 🔧 Use config_rede.py para diagnósticos de rede
2025-07-16 15:21:44,835 - INFO - ⏳ Aguardando conexões...
2025-07-16 15:22:23,346 - INFO - 🛑 Parando servidor...
2025-07-16 15:22:23,355 - INFO - ✅ Servidor encerrado
2025-07-16 15:22:23,363 - INFO - 📊 Estatísticas: 0 jogos, 3 conexões
2025-07-16 15:22:23,368 - INFO - 🛑 Parando servidor...
2025-07-16 15:22:23,368 - INFO - ✅ Servidor encerrado
2025-07-16 15:22:23,369 - INFO - 📊 Estatísticas: 0 jogos, 3 conexões
2025-07-16 15:22:24,585 - INFO - 🔗 Nova conexão de ('127.0.0.1', 53615)
2025-07-16 15:22:24,620 - INFO - 👤 Jogador 1 ((0, 255, 0)) conectado
2025-07-16 15:22:25,974 - INFO - 🔗 Nova conexão de ('127.0.0.1', 53616)
2025-07-16 15:22:25,978 - INFO - 👤 Jogador 2 ((255, 255, 0)) conectado
2025-07-16 15:22:26,387 - INFO - 🎯 Novo jogo iniciado
2025-07-16 15:22:30,968 - INFO - Movimento executado: Jogador 1 de (7, 5) para (6, 4)
2025-07-16 15:22:53,477 - INFO - 🔗 Nova conexão de ('127.0.0.1', 53625)
2025-07-16 15:22:54,479 - INFO - 🔗 Nova conexão de ('127.0.0.1', 53626)
2025-07-16 15:23:32,867 - INFO - 🎮 Servidor Damas Online iniciado em 0.0.0.0:12345
2025-07-16 15:23:32,892 - INFO - 📍 IPs disponíveis para conexão:
2025-07-16 15:23:32,895 - INFO -    1. 172.30.176.1:12345
2025-07-16 15:23:32,896 - INFO -    2. 192.168.1.2:12345
2025-07-16 15:23:32,899 - INFO - ✅ IP recomendado: 172.30.176.1:12345
2025-07-16 15:23:32,903 - INFO - 💡 Configure firewall para permitir porta 12345
2025-07-16 15:23:32,904 - INFO - 🔧 Use config_rede.py para diagnósticos de rede
2025-07-16 15:23:32,905 - INFO - ⏳ Aguardando conexões...
2025-07-16 15:23:56,279 - INFO - ❌ Jogador 1 desconectado
2025-07-16 15:23:56,579 - INFO - ❌ Jogador 2 desconectado
2025-07-16 15:24:25,130 - INFO - 🎮 Servidor Damas Online iniciado em 0.0.0.0:12345
2025-07-16 15:24:25,168 - INFO - 📍 IPs disponíveis para conexão:
2025-07-16 15:24:25,170 - INFO -    1. 172.30.176.1:12345
2025-07-16 15:24:25,170 - INFO -    2. 192.168.1.2:12345
2025-07-16 15:24:25,170 - INFO - ✅ IP recomendado: 172.30.176.1:12345
2025-07-16 15:24:25,170 - INFO - 💡 Configure firewall para permitir porta 12345
2025-07-16 15:24:25,170 - INFO - 🔧 Use config_rede.py para diagnósticos de rede
2025-07-16 15:24:25,170 - INFO - ⏳ Aguardando conexões...
2025-07-16 15:25:10,979 - INFO - 🔗 Nova conexão de ('127.0.0.1', 53654)
2025-07-16 15:25:10,983 - INFO - 👤 Jogador 1 ((0, 255, 0)) conectado
2025-07-16 15:25:14,036 - INFO - 🔗 Nova conexão de ('127.0.0.1', 53655)
2025-07-16 15:25:14,037 - INFO - 👤 Jogador 2 ((255, 255, 0)) conectado
2025-07-16 15:25:14,163 - INFO - 📡 Fazendo broadcast da mensagem tipo: jogo_iniciado
2025-07-16 15:25:14,164 - INFO -    - Jogadores conectados: 2
2025-07-16 15:25:14,164 - INFO -    - Enviando para Jogador 1 ((0, 255, 0))
2025-07-16 15:25:14,166 - INFO -    - Enviando para Jogador 2 ((255, 255, 0))
2025-07-16 15:25:14,167 - INFO - 🎯 Novo jogo iniciado
2025-07-16 15:25:33,595 - INFO - Movimento executado: Jogador 1 de (3, 5) para (4, 4)
2025-07-16 15:25:33,596 - INFO - 🔄 Alternando turno: (0, 255, 0) -> (255, 255, 0)
2025-07-16 15:25:33,597 - INFO -    - Jogador 1 ((0, 255, 0)) está AGUARDANDO_TURNO
2025-07-16 15:25:33,598 - INFO -    - Jogador 2 ((255, 255, 0)) agora está JOGANDO
2025-07-16 15:25:33,600 - INFO - 📤 Enviando mensagem de movimento executado
2025-07-16 15:25:33,600 - INFO -    - Movimento: (3, 5) -> (4, 4)
2025-07-16 15:25:33,601 - INFO -    - Jogador que jogou: (0, 255, 0)
2025-07-16 15:25:33,601 - INFO -    - Próximo turno: (255, 255, 0)
2025-07-16 15:25:33,602 - INFO -    - Número de jogadores conectados: 2
2025-07-16 15:25:33,602 - INFO - 📡 Fazendo broadcast da mensagem tipo: movimento_executado
2025-07-16 15:25:33,602 - INFO -    - Jogadores conectados: 2
2025-07-16 15:25:33,603 - INFO -    - Enviando para Jogador 1 ((0, 255, 0))
2025-07-16 15:25:33,604 - INFO -    - Enviando para Jogador 2 ((255, 255, 0))
2025-07-16 15:25:33,604 - INFO - ✅ Turno atualizado enviado: agora é a vez de (255, 255, 0)
2025-07-16 15:25:40,142 - INFO - Movimento executado: Jogador 2 de (6, 2) para (7, 3)
2025-07-16 15:25:40,144 - INFO - 🔄 Alternando turno: (255, 255, 0) -> (0, 255, 0)
2025-07-16 15:25:40,146 - INFO -    - Jogador 1 ((0, 255, 0)) agora está JOGANDO
2025-07-16 15:25:40,147 - INFO -    - Jogador 2 ((255, 255, 0)) está AGUARDANDO_TURNO
2025-07-16 15:25:40,147 - INFO - 📤 Enviando mensagem de movimento executado
2025-07-16 15:25:40,148 - INFO -    - Movimento: (6, 2) -> (7, 3)
2025-07-16 15:25:40,148 - INFO -    - Jogador que jogou: (255, 255, 0)
2025-07-16 15:25:40,148 - INFO -    - Próximo turno: (0, 255, 0)
2025-07-16 15:25:40,148 - INFO -    - Número de jogadores conectados: 2
2025-07-16 15:25:40,148 - INFO - 📡 Fazendo broadcast da mensagem tipo: movimento_executado
2025-07-16 15:25:40,148 - INFO -    - Jogadores conectados: 2
2025-07-16 15:25:40,149 - INFO -    - Enviando para Jogador 1 ((0, 255, 0))
2025-07-16 15:25:40,149 - INFO -    - Enviando para Jogador 2 ((255, 255, 0))
2025-07-16 15:25:40,149 - INFO - ✅ Turno atualizado enviado: agora é a vez de (0, 255, 0)
2025-07-16 15:26:04,023 - INFO - Movimento executado: Jogador 1 de (7, 5) para (6, 4)
2025-07-16 15:26:04,023 - INFO - 🔄 Alternando turno: (0, 255, 0) -> (255, 255, 0)
2025-07-16 15:26:04,024 - INFO -    - Jogador 1 ((0, 255, 0)) está AGUARDANDO_TURNO
2025-07-16 15:26:04,024 - INFO -    - Jogador 2 ((255, 255, 0)) agora está JOGANDO
2025-07-16 15:26:04,024 - INFO - 📤 Enviando mensagem de movimento executado
2025-07-16 15:26:04,024 - INFO -    - Movimento: (7, 5) -> (6, 4)
2025-07-16 15:26:04,025 - INFO -    - Jogador que jogou: (0, 255, 0)
2025-07-16 15:26:04,025 - INFO -    - Próximo turno: (255, 255, 0)
2025-07-16 15:26:04,025 - INFO -    - Número de jogadores conectados: 2
2025-07-16 15:26:04,025 - INFO - 📡 Fazendo broadcast da mensagem tipo: movimento_executado
2025-07-16 15:26:04,025 - INFO -    - Jogadores conectados: 2
2025-07-16 15:26:04,025 - INFO -    - Enviando para Jogador 1 ((0, 255, 0))
2025-07-16 15:26:04,026 - INFO -    - Enviando para Jogador 2 ((255, 255, 0))
2025-07-16 15:26:04,026 - INFO - ✅ Turno atualizado enviado: agora é a vez de (255, 255, 0)
2025-07-16 15:26:09,918 - INFO - Movimento executado: Jogador 2 de (7, 3) para (6, 2)
2025-07-16 15:26:09,918 - INFO - 🔄 Alternando turno: (255, 255, 0) -> (0, 255, 0)
2025-07-16 15:26:09,918 - INFO -    - Jogador 1 ((0, 255, 0)) agora está JOGANDO
2025-07-16 15:26:09,918 - INFO -    - Jogador 2 ((255, 255, 0)) está AGUARDANDO_TURNO
2025-07-16 15:26:09,918 - INFO - 📤 Enviando mensagem de movimento executado
2025-07-16 15:26:09,919 - INFO -    - Movimento: (7, 3) -> (6, 2)
2025-07-16 15:26:09,919 - INFO -    - Jogador que jogou: (255, 255, 0)
2025-07-16 15:26:09,919 - INFO -    - Próximo turno: (0, 255, 0)
2025-07-16 15:26:09,919 - INFO -    - Número de jogadores conectados: 2
2025-07-16 15:26:09,919 - INFO - 📡 Fazendo broadcast da mensagem tipo: movimento_executado
2025-07-16 15:26:09,919 - INFO -    - Jogadores conectados: 2
2025-07-16 15:26:09,919 - INFO -    - Enviando para Jogador 1 ((0, 255, 0))
2025-07-16 15:26:09,921 - INFO -    - Enviando para Jogador 2 ((255, 255, 0))
2025-07-16 15:26:09,921 - INFO - ✅ Turno atualizado enviado: agora é a vez de (0, 255, 0)
2025-07-16 15:26:22,144 - INFO - Movimento executado: Jogador 1 de (6, 4) para (7, 3)
2025-07-16 15:26:22,145 - INFO - 🔄 Alternando turno: (0, 255, 0) -> (255, 255, 0)
2025-07-16 15:26:22,146 - INFO -    - Jogador 1 ((0, 255, 0)) está AGUARDANDO_TURNO
2025-07-16 15:26:22,146 - INFO -    - Jogador 2 ((255, 255, 0)) agora está JOGANDO
2025-07-16 15:26:22,146 - INFO - 📤 Enviando mensagem de movimento executado
2025-07-16 15:26:22,146 - INFO -    - Movimento: (6, 4) -> (7, 3)
2025-07-16 15:26:22,147 - INFO -    - Jogador que jogou: (0, 255, 0)
2025-07-16 15:26:22,147 - INFO -    - Próximo turno: (255, 255, 0)
2025-07-16 15:26:22,150 - INFO -    - Número de jogadores conectados: 2
2025-07-16 15:26:22,150 - INFO - 📡 Fazendo broadcast da mensagem tipo: movimento_executado
2025-07-16 15:26:22,150 - INFO -    - Jogadores conectados: 2
2025-07-16 15:26:22,151 - INFO -    - Enviando para Jogador 1 ((0, 255, 0))
2025-07-16 15:26:22,151 - INFO -    - Enviando para Jogador 2 ((255, 255, 0))
2025-07-16 15:26:22,151 - INFO - ✅ Turno atualizado enviado: agora é a vez de (255, 255, 0)
2025-07-16 15:26:26,868 - INFO - Movimento executado: Jogador 2 de (6, 2) para (5, 3)
2025-07-16 15:26:26,870 - INFO - 🔄 Alternando turno: (255, 255, 0) -> (0, 255, 0)
2025-07-16 15:26:26,871 - INFO -    - Jogador 1 ((0, 255, 0)) agora está JOGANDO
2025-07-16 15:26:26,871 - INFO -    - Jogador 2 ((255, 255, 0)) está AGUARDANDO_TURNO
2025-07-16 15:26:26,871 - INFO - 📤 Enviando mensagem de movimento executado
2025-07-16 15:26:26,871 - INFO -    - Movimento: (6, 2) -> (5, 3)
2025-07-16 15:26:26,872 - INFO -    - Jogador que jogou: (255, 255, 0)
2025-07-16 15:26:26,872 - INFO -    - Próximo turno: (0, 255, 0)
2025-07-16 15:26:26,872 - INFO -    - Número de jogadores conectados: 2
2025-07-16 15:26:26,872 - INFO - 📡 Fazendo broadcast da mensagem tipo: movimento_executado
2025-07-16 15:26:26,872 - INFO -    - Jogadores conectados: 2
2025-07-16 15:26:26,872 - INFO -    - Enviando para Jogador 1 ((0, 255, 0))
2025-07-16 15:26:26,873 - INFO -    - Enviando para Jogador 2 ((255, 255, 0))
2025-07-16 15:26:26,873 - INFO - ✅ Turno atualizado enviado: agora é a vez de (0, 255, 0)
2025-07-16 15:26:30,344 - INFO - Movimento executado: Jogador 1 de (4, 4) para (6, 2)
2025-07-16 15:26:30,344 - INFO - 🔄 Alternando turno: (0, 255, 0) -> (255, 255, 0)
2025-07-16 15:26:30,344 - INFO -    - Jogador 1 ((0, 255, 0)) está AGUARDANDO_TURNO
2025-07-16 15:26:30,344 - INFO -    - Jogador 2 ((255, 255, 0)) agora está JOGANDO
2025-07-16 15:26:30,344 - INFO - 📤 Enviando mensagem de movimento executado
2025-07-16 15:26:30,344 - INFO -    - Movimento: (4, 4) -> (6, 2)
2025-07-16 15:26:30,344 - INFO -    - Jogador que jogou: (0, 255, 0)
2025-07-16 15:26:30,346 - INFO -    - Próximo turno: (255, 255, 0)
2025-07-16 15:26:30,346 - INFO -    - Número de jogadores conectados: 2
2025-07-16 15:26:30,346 - INFO - 📡 Fazendo broadcast da mensagem tipo: movimento_executado
2025-07-16 15:26:30,346 - INFO -    - Jogadores conectados: 2
2025-07-16 15:26:30,346 - INFO -    - Enviando para Jogador 1 ((0, 255, 0))
2025-07-16 15:26:30,346 - INFO -    - Enviando para Jogador 2 ((255, 255, 0))
2025-07-16 15:26:30,347 - INFO - ✅ Turno atualizado enviado: agora é a vez de (255, 255, 0)
2025-07-16 15:27:05,793 - INFO - Movimento executado: Jogador 2 de (4, 2) para (5, 3)
2025-07-16 15:27:05,793 - INFO - 🔄 Alternando turno: (255, 255, 0) -> (0, 255, 0)
2025-07-16 15:27:05,795 - INFO -    - Jogador 1 ((0, 255, 0)) agora está JOGANDO
2025-07-16 15:27:05,795 - INFO -    - Jogador 2 ((255, 255, 0)) está AGUARDANDO_TURNO
2025-07-16 15:27:05,795 - INFO - 📤 Enviando mensagem de movimento executado
2025-07-16 15:27:05,795 - INFO -    - Movimento: (4, 2) -> (5, 3)
2025-07-16 15:27:05,795 - INFO -    - Jogador que jogou: (255, 255, 0)
2025-07-16 15:27:05,795 - INFO -    - Próximo turno: (0, 255, 0)
2025-07-16 15:27:05,795 - INFO -    - Número de jogadores conectados: 2
2025-07-16 15:27:05,795 - INFO - 📡 Fazendo broadcast da mensagem tipo: movimento_executado
2025-07-16 15:27:05,796 - INFO -    - Jogadores conectados: 2
2025-07-16 15:27:05,796 - INFO -    - Enviando para Jogador 1 ((0, 255, 0))
2025-07-16 15:27:05,796 - INFO -    - Enviando para Jogador 2 ((255, 255, 0))
2025-07-16 15:27:05,796 - INFO - ✅ Turno atualizado enviado: agora é a vez de (0, 255, 0)
2025-07-16 15:27:11,753 - INFO - Movimento executado: Jogador 1 de (5, 5) para (6, 4)
2025-07-16 15:27:11,755 - INFO - 🔄 Alternando turno: (0, 255, 0) -> (255, 255, 0)
2025-07-16 15:27:11,756 - INFO -    - Jogador 1 ((0, 255, 0)) está AGUARDANDO_TURNO
2025-07-16 15:27:11,756 - INFO -    - Jogador 2 ((255, 255, 0)) agora está JOGANDO
2025-07-16 15:27:11,757 - INFO - 📤 Enviando mensagem de movimento executado
2025-07-16 15:27:11,757 - INFO -    - Movimento: (5, 5) -> (6, 4)
2025-07-16 15:27:11,757 - INFO -    - Jogador que jogou: (0, 255, 0)
2025-07-16 15:27:11,757 - INFO -    - Próximo turno: (255, 255, 0)
2025-07-16 15:27:11,757 - INFO -    - Número de jogadores conectados: 2
2025-07-16 15:27:11,757 - INFO - 📡 Fazendo broadcast da mensagem tipo: movimento_executado
2025-07-16 15:27:11,757 - INFO -    - Jogadores conectados: 2
2025-07-16 15:27:11,757 - INFO -    - Enviando para Jogador 1 ((0, 255, 0))
2025-07-16 15:27:11,758 - INFO -    - Enviando para Jogador 2 ((255, 255, 0))
2025-07-16 15:27:11,758 - INFO - ✅ Turno atualizado enviado: agora é a vez de (255, 255, 0)
2025-07-16 15:27:16,586 - INFO - Movimento executado: Jogador 2 de (5, 3) para (7, 5)
2025-07-16 15:27:16,587 - INFO - 🔄 Alternando turno: (255, 255, 0) -> (0, 255, 0)
2025-07-16 15:27:16,590 - INFO -    - Jogador 1 ((0, 255, 0)) agora está JOGANDO
2025-07-16 15:27:16,590 - INFO -    - Jogador 2 ((255, 255, 0)) está AGUARDANDO_TURNO
2025-07-16 15:27:16,591 - INFO - 📤 Enviando mensagem de movimento executado
2025-07-16 15:27:16,592 - INFO -    - Movimento: (5, 3) -> (7, 5)
2025-07-16 15:27:16,592 - INFO -    - Jogador que jogou: (255, 255, 0)
2025-07-16 15:27:16,592 - INFO -    - Próximo turno: (0, 255, 0)
2025-07-16 15:27:16,592 - INFO -    - Número de jogadores conectados: 2
2025-07-16 15:27:16,592 - INFO - 📡 Fazendo broadcast da mensagem tipo: movimento_executado
2025-07-16 15:27:16,592 - INFO -    - Jogadores conectados: 2
2025-07-16 15:27:16,592 - INFO -    - Enviando para Jogador 1 ((0, 255, 0))
2025-07-16 15:27:16,592 - INFO -    - Enviando para Jogador 2 ((255, 255, 0))
2025-07-16 15:27:16,593 - INFO - ✅ Turno atualizado enviado: agora é a vez de (0, 255, 0)
2025-07-16 15:27:22,155 - INFO - ❌ Jogador 2 desconectado
2025-07-16 15:27:22,156 - INFO - 📡 Fazendo broadcast da mensagem tipo: notificacao
2025-07-16 15:27:22,156 - INFO -    - Jogadores conectados: 1
2025-07-16 15:27:22,156 - INFO -    - Enviando para Jogador 1 ((0, 255, 0))
2025-07-16 15:27:22,157 - INFO - 📡 Fazendo broadcast da mensagem tipo: jogo_interrompido
2025-07-16 15:27:22,157 - INFO -    - Jogadores conectados: 1
2025-07-16 15:27:22,157 - INFO -    - Enviando para Jogador 1 ((0, 255, 0))
2025-07-16 15:27:22,881 - INFO - ❌ Jogador 1 desconectado
